#
# There is insufficient memory for the Java Runtime Environment to continue.
# Native memory allocation (mmap) failed to map 266338304 bytes for Failed to commit area from 0x0000000703200000 to 0x0000000713000000 of length 266338304.
# Possible reasons:
#   The system is out of physical RAM or swap space
#   The process is running with CompressedOops enabled, and the Java Heap may be blocking the growth of the native heap
# Possible solutions:
#   Reduce memory load on the system
#   Increase physical memory or swap space
#   Check if swap backing store is full
#   Decrease Java heap size (-Xmx/-Xms)
#   Decrease number of Java threads
#   Decrease Java thread stack sizes (-Xss)
#   Set larger code cache with -XX:ReservedCodeCacheSize=
# This output file may be truncated or incomplete.
#
#  Out of Memory Error (./src/hotspot/os/windows/os_windows.cpp:3301), pid=14824, tid=16256
#
# JRE version:  (11.0.10) (build )
# Java VM: OpenJDK 64-Bit Server VM (11.0.10+0-b96-7249189, mixed mode, sharing, tiered, compressed oops, g1 gc, windows-amd64)
# No core dump will be written. Minidumps are not enabled by default on client versions of Windows
#

---------------  S U M M A R Y ------------

Command Line: org.jetbrains.git4idea.http.GitAskPassApp Username for 'https://github.com': 

Host: 11th Gen Intel(R) Core(TM) i7-1165G7 @ 2.80GHz, 8 cores, 15G,  Windows 10 , 64 bit Build 19041 (10.0.19041.1348)
Time: Fri Nov 19 23:49:56 2021 Arab Standard Time elapsed time: 0.007405 seconds (0d 0h 0m 0s)

---------------  T H R E A D  ---------------

Current thread (0x000001b6107ba800):  JavaThread "Unknown thread" [_thread_in_vm, id=16256, stack(0x0000003420000000,0x0000003420100000)]

Stack: [0x0000003420000000,0x0000003420100000]
Native frames: (J=compiled Java code, j=interpreted, Vv=VM code, C=native code)
V  [jvm.dll+0x5ecfaa]
V  [jvm.dll+0x722bd5]
V  [jvm.dll+0x72412d]
V  [jvm.dll+0x7247e3]
V  [jvm.dll+0x242928]
V  [jvm.dll+0x5ea374]
V  [jvm.dll+0x5df425]
V  [jvm.dll+0x2fdebb]
V  [jvm.dll+0x2fde2a]
V  [jvm.dll+0x2fdd02]
V  [jvm.dll+0x302bf6]
V  [jvm.dll+0x34b2a3]
V  [jvm.dll+0x34b9a6]
V  [jvm.dll+0x34b3a3]
V  [jvm.dll+0x2d8888]
V  [jvm.dll+0x2d9a37]
V  [jvm.dll+0x701737]
V  [jvm.dll+0x702f2c]
V  [jvm.dll+0x3587d9]
V  [jvm.dll+0x6e4fae]
V  [jvm.dll+0x3c0be3]
V  [jvm.dll+0x3c2e91]
C  [jli.dll+0x5373]
C  [ucrtbase.dll+0x21bb2]
C  [KERNEL32.DLL+0x17034]
C  [ntdll.dll+0x52651]


---------------  P R O C E S S  ---------------

Threads class SMR info:
_java_thread_list=0x000001b60eec1450, length=0, elements={
}

Java Threads: ( => current thread )

Other Threads:
  0x000001b6107d2800 GCTaskThread "GC Thread#0" [stack: 0x0000003420100000,0x0000003420200000] [id=6076]
  0x000001b610831800 ConcurrentGCThread "G1 Main Marker" [stack: 0x0000003420200000,0x0000003420300000] [id=15396]
  0x000001b610834800 ConcurrentGCThread "G1 Conc#0" [stack: 0x0000003420300000,0x0000003420400000] [id=9752]

[error occurred during error reporting (printing all threads), id 0xc0000005, EXCEPTION_ACCESS_VIOLATION (0xc0000005) at pc=0x00007ffd344d9107]

VM state:not at safepoint (not fully initialized)

VM Mutex/Monitor currently owned by a thread:  ([mutex/lock_event])
[0x000001b6107b7a30] Heap_lock - owner thread: 0x000001b6107ba800

Heap address: 0x0000000703200000, size: 4046 MB, Compressed Oops mode: Non-zero based: 0x0000000703200000
Narrow klass base: 0x0000000000000000, Narrow klass shift: 0

GC Heap History (0 events):
No events

Deoptimization events (0 events):
No events

Classes redefined (0 events):
No events

Internal exceptions (0 events):
No events

Events (1 events):
Event: 0.004 Loaded shared library C:\Program Files\Android\Android Studio\jre\bin\zip.dll


Dynamic libraries:
0x00007ff67b930000 - 0x00007ff67b93a000 	C:\Program Files\Android\Android Studio\jre\bin\java.exe
0x00007ffd864b0000 - 0x00007ffd866a5000 	C:\Windows\SYSTEM32\ntdll.dll
0x00007ffd84500000 - 0x00007ffd845be000 	C:\Windows\System32\KERNEL32.DLL
0x00007ffd83bd0000 - 0x00007ffd83e98000 	C:\Windows\System32\KERNELBASE.dll
0x00007ffd840f0000 - 0x00007ffd841f0000 	C:\Windows\System32\ucrtbase.dll
0x00007ffd7dc10000 - 0x00007ffd7dc29000 	C:\Program Files\Android\Android Studio\jre\bin\jli.dll
0x00007ffd7f140000 - 0x00007ffd7f157000 	C:\Program Files\Android\Android Studio\jre\bin\VCRUNTIME140.dll
0x00007ffd84ae0000 - 0x00007ffd84c81000 	C:\Windows\System32\USER32.dll
0x00007ffd84370000 - 0x00007ffd84392000 	C:\Windows\System32\win32u.dll
0x00007ffd7cc40000 - 0x00007ffd7ceda000 	C:\Windows\WinSxS\amd64_microsoft.windows.common-controls_6595b64144ccf1df_6.0.19041.1110_none_60b5254171f9507e\COMCTL32.dll
0x00007ffd863b0000 - 0x00007ffd863db000 	C:\Windows\System32\GDI32.dll
0x00007ffd85c90000 - 0x00007ffd85d2e000 	C:\Windows\System32\msvcrt.dll
0x00007ffd83ea0000 - 0x00007ffd83fab000 	C:\Windows\System32\gdi32full.dll
0x00007ffd841f0000 - 0x00007ffd8428d000 	C:\Windows\System32\msvcp_win.dll
0x00007ffd863e0000 - 0x00007ffd86410000 	C:\Windows\System32\IMM32.DLL
0x00007ffd5e140000 - 0x00007ffd5e1dd000 	C:\Program Files\Android\Android Studio\jre\bin\msvcp140.dll
0x00007ffd341f0000 - 0x00007ffd34cbf000 	C:\Program Files\Android\Android Studio\jre\bin\server\jvm.dll
0x00007ffd85140000 - 0x00007ffd851ec000 	C:\Windows\System32\ADVAPI32.dll
0x00007ffd845c0000 - 0x00007ffd8465b000 	C:\Windows\System32\sechost.dll
0x00007ffd84660000 - 0x00007ffd8478a000 	C:\Windows\System32\RPCRT4.dll
0x00007ffd848c0000 - 0x00007ffd848c8000 	C:\Windows\System32\PSAPI.DLL
0x00007ffd7f230000 - 0x00007ffd7f23a000 	C:\Windows\SYSTEM32\VERSION.dll
0x00007ffd6e210000 - 0x00007ffd6e237000 	C:\Windows\SYSTEM32\WINMM.dll
0x00007ffd7f030000 - 0x00007ffd7f039000 	C:\Windows\SYSTEM32\WSOCK32.dll
0x00007ffd850d0000 - 0x00007ffd8513b000 	C:\Windows\System32\WS2_32.dll
0x00007ffd81ab0000 - 0x00007ffd81ac2000 	C:\Windows\SYSTEM32\kernel.appcore.dll
0x00007ffd7d800000 - 0x00007ffd7d811000 	C:\Program Files\Android\Android Studio\jre\bin\verify.dll
0x00007ffd7e940000 - 0x00007ffd7eb24000 	C:\Windows\SYSTEM32\DBGHELP.DLL
0x00007ffd7e870000 - 0x00007ffd7e89c000 	C:\Windows\SYSTEM32\dbgcore.DLL
0x00007ffd84290000 - 0x00007ffd84313000 	C:\Windows\System32\bcryptPrimitives.dll
0x00007ffd6efb0000 - 0x00007ffd6efd9000 	C:\Program Files\Android\Android Studio\jre\bin\java.dll
0x00007ffd7b9b0000 - 0x00007ffd7b9bb000 	C:\Program Files\Android\Android Studio\jre\bin\jimage.dll
0x00007ffd786e0000 - 0x00007ffd786f8000 	C:\Program Files\Android\Android Studio\jre\bin\zip.dll

dbghelp: loaded successfully - version: 4.0.5 - missing functions: none
symbol engine: initialized successfully - sym options: 0x614 - pdb path: .;C:\Program Files\Android\Android Studio\jre\bin;C:\Windows\SYSTEM32;C:\Windows\WinSxS\amd64_microsoft.windows.common-controls_6595b64144ccf1df_6.0.19041.1110_none_60b5254171f9507e;C:\Program Files\Android\Android Studio\jre\bin\server

VM Arguments:
java_command: org.jetbrains.git4idea.http.GitAskPassApp Username for 'https://github.com': 
java_class_path (initial): C:/Program Files/Android/Android Studio/plugins/git4idea/lib/git4idea-rt.jar;C:/Program Files/Android/Android Studio/lib/xmlrpc-2.0.1.jar;C:/Program Files/Android/Android Studio/lib/commons-codec-1.14.jar
Launcher Type: SUN_STANDARD

[Global flags]
     intx CICompilerCount                          = 4                                         {product} {ergonomic}
     uint ConcGCThreads                            = 2                                         {product} {ergonomic}
     uint G1ConcRefinementThreads                  = 8                                         {product} {ergonomic}
   size_t G1HeapRegionSize                         = 1048576                                   {product} {ergonomic}
    uintx GCDrainStackTargetSize                   = 64                                        {product} {ergonomic}
   size_t InitialHeapSize                          = 266338304                                 {product} {ergonomic}
   size_t MarkStackSize                            = 4194304                                   {product} {ergonomic}
   size_t MaxHeapSize                              = 4242538496                                {product} {ergonomic}
   size_t MinHeapDeltaBytes                        = 1048576                                   {product} {ergonomic}
    uintx NonNMethodCodeHeapSize                   = 5836300                                {pd product} {ergonomic}
    uintx NonProfiledCodeHeapSize                  = 122910970                              {pd product} {ergonomic}
    uintx ProfiledCodeHeapSize                     = 122910970                              {pd product} {ergonomic}
    uintx ReservedCodeCacheSize                    = 251658240                              {pd product} {ergonomic}
     bool SegmentedCodeCache                       = true                                      {product} {ergonomic}
     bool UseCompressedClassPointers               = true                                 {lp64_product} {ergonomic}
     bool UseCompressedOops                        = true                                 {lp64_product} {ergonomic}
     bool UseG1GC                                  = true                                      {product} {ergonomic}
     bool UseLargePagesIndividualAllocation        = false                                  {pd product} {ergonomic}

Logging:
Log output configuration:
 #0: stdout all=warning uptime,level,tags
 #1: stderr all=off uptime,level,tags

Environment Variables:
PATH=C:/Program Files/Git/mingw64/libexec/git-core;C:/Program Files/Git/mingw64/libexec/git-core;C:\Program Files\Git\mingw64\bin;C:\Program Files\Git\usr\bin;C:\Users\reems\bin;C:\Windows\system32;C:\Windows;C:\Windows\System32\Wbem;C:\Windows\System32\WindowsPowerShell\v1.0\;C:\Windows\System32\OpenSSH\;C:\Program Files\Git\cmd;C:\Users\reems\AppData\Local\Microsoft\WindowsApps;C:\Users\reems\AppData\Local\gitkraken\bin
USERNAME=reems
DISPLAY=:0.0
LC_ALL=en_US.UTF-8
OS=Windows_NT
PROCESSOR_IDENTIFIER=Intel64 Family 6 Model 140 Stepping 1, GenuineIntel



---------------  S Y S T E M  ---------------

OS: Windows 10 , 64 bit Build 19041 (10.0.19041.1348)
OS uptime: 3 days 19:50 hours

CPU:total 8 (initial active 8) (4 cores per cpu, 2 threads per core) family 6 model 140 stepping 1 microcode 0x8a, cmov, cx8, fxsr, mmx, sse, sse2, sse3, ssse3, sse4.1, sse4.2, popcnt, avx, avx2, aes, clmul, erms, 3dnowpref, lzcnt, ht, tsc, tscinvbit, bmi1, bmi2, adx, evex, sha, fma

Memory: 4k page, system-wide physical 16183M (2771M free)
TotalPageFile size 31543M (AvailPageFile size 22M)
current process WorkingSet (physical memory assigned to process): 10M, peak: 10M
current process commit charge ("private bytes"): 60M, peak: 314M

vm_info: OpenJDK 64-Bit Server VM (11.0.10+0-b96-7249189) for windows-amd64 JRE (11.0.10+0-b96-7249189), built on Mar 31 2021 21:44:00 by "builder" with MS VC++ 14.0 (VS2015)

END.
